MODE Solutions Version 7.12.1661 (Linux 64bit)
 expires (month/day/year): 8/19/2019
using config file: /homes/sadun/.config/Lumerical/MODE Solutions.ini
license host: <a href=http://mtl-licsrv1:8095>mtl-licsrv1:8095</a>
current time: Sat May 18 14:21:34 2019
Running on host: dfm2
All processes are communicating and ready to proceed to simulation...
Running lms file: /u/lumerical/mode/7.12.1661-1/bin/varfdtd-engine-mpich2nem -t 1 -remote -ttyname /dev/pts/5 /homes/sadun/workspace/adjoint/dircoupler/dircoupler_narrow.lms
number of processors is 16
processors are distributed as: 8x2x1
Running TE Simulation
Starting meshing
Simulation size in gridpoints: 143 x 244 x 1
Refined 0 mesh cells (0%)
Completed meshing!
Meshing complete in 0.14 seconds of CPU time
0 0
Starting meshing
Simulation size in gridpoints: 143 x 244 x 1
Refined 0 mesh cells (0%)
Completed meshing!
Meshing complete in 0.1 seconds of CPU time
0 0
finished material properties
Selected kernel with optimization level: 0 and split-field propagation direction: 0
-----------------------------------------
Beginning initialization of TE Simulation
Starting to add sources to simulation
Adding TE Mode Source propagating in X
Starting to add boundary conditions to simulation
Adding TE PML BC
Adding TE parallel BC
Adding TE PML BC
Adding TE parallel BC
Starting to add monitors to Simulation
Adding analysis monitor
Adding TE DFT monitor
Adding 3D index monitor
Adding TE index monitor
Adding TE DFT monitor
Adding TE DFT monitor
Adding TE DFT monitor
Finished initialization of TE Simulation
-----------------------------------------
All processes are communicating and ready to proceed to simulation...
Starting 128476 total iterations
0% complete. Max time remaining: 1 min, 58 secs. Auto Shutoff: 1
2% complete. Max time remaining: 1 min, 10 secs. Auto Shutoff: 1
3% complete. Max time remaining: 1 min, 10 secs. Auto Shutoff: 1
5% complete. Max time remaining: 1 min, 7 secs. Auto Shutoff: 1
6% complete. Max time remaining: 1 min, 6 secs. Auto Shutoff: 1
8% complete. Max time remaining: 1 min, 5 secs. Auto Shutoff: 1.00336
10% complete. Max time remaining: 1 min, 3 secs. Auto Shutoff: 0.947089
11% complete. Max time remaining: 1 min, 2 secs. Auto Shutoff: 0.160336
13% complete. Max time remaining: 1 min, 0 secs. Auto Shutoff: 0.000115085
14% complete. Max time remaining: 60 secs. Auto Shutoff: 9.00184e-06
Early termination of simulation, the autoshutoff criteria are satisfied.
Completed 17709 iterations, or 4.13517e-13s of Simulation Time
Process 0 starting to collect data
    collecting monitor data
Adding 3D index monitor
    collecting source data
Finished collecting data
Simulation completed successfully at: Sat May 18 14:21:59 2019
Overall wall time measurements in seconds:
    time to mesh and initialize: 8
    time to run FDTD simulation: 9
    time to finalize data and save to files: 8
    FDTD solver speed: 68.6558 Mnodes/s
    total FDTD solver speed on 16 processes: 1098.49 Mnodes/s
